-------------------------------------------------------------------------------
Test set: com.example.AppTest
-------------------------------------------------------------------------------
Tests run: 4, Failures: 1, Errors: 0, Skipped: 0, Time elapsed: 0.095 s <<< FAILURE! - in com.example.AppTest
testMultiplication(com.example.AppTest)  Time elapsed: 0.013 s  <<< FAILURE!
java.lang.AssertionError: expected:<50> but was:<60>
	at com.example.AppTest.testMultiplication(AppTest.java:29)

