<?xml version="1.0" encoding="UTF-8"?>
<testsuite xmlns:xsi="http://www.w3.org/2001/XMLSchema-instance" xsi:noNamespaceSchemaLocation="https://maven.apache.org/surefire/maven-surefire-plugin/xsd/surefire-test-report.xsd" name="com.example.AppTest" time="0.044" tests="4" errors="0" skipped="0" failures="1">
  <properties>
[...]
</properties>
  <testcase name="testMultiplication" classname="com.example.AppTest" time="0.007">
    <failure message="expected:&lt;50&gt; but was:&lt;60&gt;" type="java.lang.AssertionError"><![CDATA[java.lang.AssertionError: expected:<50> but was:<60>
	at com.example.AppTest.testMultiplication(AppTest.java:29)
]]></failure>
  </testcase>
  <testcase name="testAddition" classname="com.example.AppTest" time="0"/>
  <testcase name="testDivision" classname="com.example.AppTest" time="0"/>
  <testcase name="testSubtraction" classname="com.example.AppTest" time="0"/>
</testsuite>